<?xml version="1.0" encoding="UTF-8"?>
<testng-results ignored="0" total="1" passed="1" failed="0" skipped="0">
  <reporter-output>
    <line>
      <![CDATA[hi]]>
    </line>
  </reporter-output>
  <suite started-at="2022-04-12T12:57:06 IST" name="Default suite" finished-at="2022-04-12T12:57:06 IST" duration-ms="103">
    <groups>
    </groups>
    <test started-at="2022-04-12T12:57:06 IST" name="Default test" finished-at="2022-04-12T12:57:06 IST" duration-ms="103">
      <class name="fatcow1.sampleTestNG">
        <test-method signature="test()[pri:0, instance:fatcow1.sampleTestNG@61d6015a]" started-at="2022-04-12T12:57:06 IST" name="test" finished-at="2022-04-12T12:57:06 IST" duration-ms="14" status="PASS">
          <reporter-output>
            <line>
              <![CDATA[hi]]>
            </line>
          </reporter-output>
        </test-method> <!-- test -->
      </class> <!-- fatcow1.sampleTestNG -->
    </test> <!-- Default test -->
  </suite> <!-- Default suite -->
</testng-results>
